<?xml version="1.0" encoding="UTF-8"?>
<!-- Generated by org.testng.reporters.JUnitReportReporter -->
<testsuite skipped="0" hostname="DESKTOP-0KO5QLA" name="reporting.doc" tests="1" failures="0" timestamp="14 Apr 2019 18:40:15 GMT" time="0.480" errors="0">
  <testcase name="doc" time="0.480" classname="reporting.doc"/>
</testsuite> <!-- reporting.doc -->
