<?xml version="1.0" encoding="UTF-8"?>
<!-- Generated by org.testng.reporters.JUnitReportReporter -->
<testsuite skipped="0" hostname="DESKTOP-0KO5QLA" name="excelutilities.usingpoi" tests="1" failures="0" timestamp="14 Apr 2019 07:33:44 GMT" time="0.758" errors="0">
  <testcase name="excel" time="0.758" classname="excelutilities.usingpoi"/>
</testsuite> <!-- excelutilities.usingpoi -->
