<?xml version="1.0" encoding="UTF-8"?>
<!-- Generated by org.testng.reporters.JUnitReportReporter -->
<testsuite skipped="0" hostname="DESKTOP-0KO5QLA" name="driversetup.driversetup" tests="1" failures="0" timestamp="14 Apr 2019 11:06:54 GMT" time="0.621" errors="0">
  <testcase name="fetchurlbrowser" time="0.621" classname="driversetup.driversetup"/>
</testsuite> <!-- driversetup.driversetup -->
