<?xml version="1.0" encoding="UTF-8"?>
<!-- Generated by org.testng.reporters.JUnitReportReporter -->
<testsuite skipped="0" hostname="DESKTOP-0KO5QLA" name="excelutilities.BaseSetup" tests="1" failures="0" timestamp="17 Apr 2019 12:46:41 GMT" time="1.836" errors="0">
  <testcase name="BaseSetup" time="1.836" classname="excelutilities.BaseSetup"/>
</testsuite> <!-- excelutilities.BaseSetup -->
