<?xml version="1.0" encoding="UTF-8"?>
<!-- Generated by org.testng.reporters.JUnitReportReporter -->
<testsuite skipped="0" hostname="DESKTOP-0KO5QLA" name="practicetestng.TC001" tests="1" failures="0" timestamp="17 Apr 2019 12:46:41 GMT" time="0.000" errors="0">
  <testcase name="myFirstTest" time="0.000" classname="practicetestng.TC001"/>
</testsuite> <!-- practicetestng.TC001 -->
