<?xml version="1.0" encoding="UTF-8"?>
<!-- Generated by org.testng.reporters.JUnitReportReporter -->
<testsuite skipped="0" hostname="DESKTOP-0KO5QLA" name="excelutilities.usingpoii" tests="2" failures="0" timestamp="15 Apr 2019 10:34:50 GMT" time="0.704" errors="0">
  <testcase name="getallvalues" time="0.693" classname="excelutilities.usingpoii"/>
  <testcase name="test" time="0.011" classname="excelutilities.usingpoii"/>
</testsuite> <!-- excelutilities.usingpoii -->
