<?xml version="1.0" encoding="UTF-8"?>
<!-- Generated by org.testng.reporters.JUnitReportReporter -->
<testsuite skipped="0" hostname="DESKTOP-0KO5QLA" name="excelutilities.usingfillo" tests="2" failures="0" timestamp="14 Apr 2019 09:51:54 GMT" time="0.822" errors="0">
  <testcase name="excel" time="0.670" classname="excelutilities.usingfillo"/>
  <testcase name="createtestNGXMLFile" time="0.152" classname="excelutilities.usingfillo"/>
</testsuite> <!-- excelutilities.usingfillo -->
